c:\users\harun\downloads\l2l_i2ga_cpp\l2l_i2ga_cpp\l2l_i2ga\debug\vc143.pdb
c:\users\harun\downloads\l2l_i2ga_cpp\l2l_i2ga_cpp\l2l_i2ga\debug\vc143.idb
c:\users\harun\downloads\l2l_i2ga_cpp\l2l_i2ga_cpp\l2l_i2ga\debug\specimenworkshop.obj
c:\users\harun\downloads\l2l_i2ga_cpp\l2l_i2ga_cpp\l2l_i2ga\debug\specimen.obj
c:\users\harun\downloads\l2l_i2ga_cpp\l2l_i2ga_cpp\l2l_i2ga\debug\l2l_i2ga.obj
c:\users\harun\source\repos\l2l_i2ga_cpp\l2l_i2ga\debug\vc143.pdb
c:\users\harun\source\repos\l2l_i2ga_cpp\l2l_i2ga\debug\vc143.idb
c:\users\harun\source\repos\l2l_i2ga_cpp\l2l_i2ga\debug\matrixelement.obj
c:\users\harun\source\repos\l2l_i2ga_cpp\l2l_i2ga\debug\svm.obj
c:\users\harun\source\repos\l2l_i2ga_cpp\l2l_i2ga\debug\rand.obj
c:\users\harun\source\repos\l2l_i2ga_cpp\l2l_i2ga\debug\l2l_i2ga.obj
c:\users\harun\source\repos\l2l_i2ga_cpp\l2l_i2ga\debug\specimenworkshop.obj
c:\users\harun\source\repos\l2l_i2ga_cpp\l2l_i2ga\debug\specimen.obj
c:\users\harun\source\repos\l2l_i2ga_cpp\l2l_i2ga\debug\solver.obj
c:\users\harun\source\repos\svm_3d\l2l_i2ga\debug\vc143.pdb
c:\users\harun\source\repos\svm_3d\l2l_i2ga\debug\vc143.idb
c:\users\harun\source\repos\svm_3d\l2l_i2ga\debug\matrixelement.obj
c:\users\harun\source\repos\svm_3d\l2l_i2ga\debug\svm.obj
c:\users\harun\source\repos\svm_3d\l2l_i2ga\debug\specimenworkshop.obj
c:\users\harun\source\repos\svm_3d\l2l_i2ga\debug\specimen.obj
c:\users\harun\source\repos\svm_3d\l2l_i2ga\debug\rand.obj
c:\users\harun\source\repos\svm_3d\l2l_i2ga\debug\l2l_i2ga.obj
c:\users\harun\source\repos\svm_3d\l2l_i2ga\debug\solver.obj
c:\users\harun\downloads\l2l_i2ga_cpp\l2l_i2ga_cpp\debug\l2l_i2ga.exe
c:\users\harun\downloads\l2l_i2ga_cpp\l2l_i2ga_cpp\l2l_i2ga\debug\l2l_i2ga.ilk
c:\users\harun\downloads\l2l_i2ga_cpp\l2l_i2ga_cpp\debug\l2l_i2ga.pdb
c:\users\harun\source\repos\l2l_i2ga_cpp\debug\l2l_i2ga.exe
c:\users\harun\source\repos\l2l_i2ga_cpp\l2l_i2ga\debug\l2l_i2ga.ilk
c:\users\harun\source\repos\l2l_i2ga_cpp\debug\l2l_i2ga.pdb
c:\users\harun\source\repos\svm_3d\l2l_i2ga\debug\l2l_i2ga.ilk
c:\users\harun\source\repos\svm_3d\debug\l2l_i2ga.exe
c:\users\harun\source\repos\svm_3d\debug\l2l_i2ga.pdb
c:\users\harun\source\repos\svm_3d\l2l_i2ga\debug\l2l_i2ga.tlog\cl.command.1.tlog
c:\users\harun\source\repos\svm_3d\l2l_i2ga\debug\l2l_i2ga.tlog\cl.read.1.tlog
c:\users\harun\source\repos\svm_3d\l2l_i2ga\debug\l2l_i2ga.tlog\cl.write.1.tlog
c:\users\harun\source\repos\svm_3d\l2l_i2ga\debug\l2l_i2ga.tlog\link.command.1.tlog
c:\users\harun\source\repos\svm_3d\l2l_i2ga\debug\l2l_i2ga.tlog\link.read.1.tlog
c:\users\harun\source\repos\svm_3d\l2l_i2ga\debug\l2l_i2ga.tlog\link.write.1.tlog
